0 silly argv {
0 silly argv   _: [ 'bootstrap' ],
0 silly argv   hoist: true,
0 silly argv   lernaVersion: '3.15.0',
0 silly argv   '$0': 'lerna'
0 silly argv }
1 notice cli v3.15.0
2 verbose rootPath /Users/jude/Projects/frontity
3 info versioning independent
4 verbose hoist using globs ["**"]
5 silly batched [
5 silly batched   PackageGraphNode {
5 silly batched     name: 'babel-plugin-frontity',
5 silly batched     externalDependencies: Map {
5 silly batched       '@types/jest' => [Object],
5 silly batched       'babel-plugin-tester' => [Object],
5 silly batched       'jest' => [Object],
5 silly batched       'ts-jest' => [Object],
5 silly batched       'typescript' => [Object],
5 silly batched       '@babel/types' => [Object]
5 silly batched     },
5 silly batched     localDependencies: Map {},
5 silly batched     localDependents: Map {
5 silly batched       'e2e-project' => [PackageGraphNode],
5 silly batched       'example-mars-theme' => [PackageGraphNode],
5 silly batched       '@frontity/core' => [PackageGraphNode]
5 silly batched     }
5 silly batched   },
5 silly batched   PackageGraphNode {
5 silly batched     name: '@frontity/connect',
5 silly batched     externalDependencies: Map {
5 silly batched       '@types/jest' => [Object],
5 silly batched       'jest' => [Object],
5 silly batched       'react-test-renderer' => [Object],
5 silly batched       'ts-jest' => [Object],
5 silly batched       'typescript' => [Object]
5 silly batched     },
5 silly batched     localDependencies: Map {},
5 silly batched     localDependents: Map {
5 silly batched       '@frontity/core' => [PackageGraphNode],
5 silly batched       'frontity' => [PackageGraphNode],
5 silly batched       '@frontity/head-tags' => [PackageGraphNode],
5 silly batched       '@frontity/html2react' => [PackageGraphNode],
5 silly batched       '@frontity/wp-source' => [PackageGraphNode],
5 silly batched       '@frontity/yoast' => [PackageGraphNode]
5 silly batched     }
5 silly batched   },
5 silly batched   PackageGraphNode {
5 silly batched     name: '@frontity/type-declarations',
5 silly batched     externalDependencies: Map {},
5 silly batched     localDependencies: Map {},
5 silly batched     localDependents: Map { 'frontity' => [PackageGraphNode] }
5 silly batched   },
5 silly batched   PackageGraphNode {
5 silly batched     name: '@frontity/types',
5 silly batched     externalDependencies: Map {
5 silly batched       '@types/jest' => [Object],
5 silly batched       'jest' => [Object],
5 silly batched       'ts-jest' => [Object],
5 silly batched       'typescript' => [Object]
5 silly batched     },
5 silly batched     localDependencies: Map {},
5 silly batched     localDependents: Map {
5 silly batched       '@frontity/core' => [PackageGraphNode],
5 silly batched       '@frontity/file-settings' => [PackageGraphNode],
5 silly batched       'frontity' => [PackageGraphNode]
5 silly batched     }
5 silly batched   }
5 silly batched ]
6 silly batched [
6 silly batched   PackageGraphNode {
6 silly batched     name: '@frontity/file-settings',
6 silly batched     externalDependencies: Map {
6 silly batched       '@types/jest' => [Object],
6 silly batched       '@types/ramda' => [Object],
6 silly batched       'jest' => [Object],
6 silly batched       'ts-jest' => [Object],
6 silly batched       'typescript' => [Object],
6 silly batched       'ramda' => [Object]
6 silly batched     },
6 silly batched     localDependencies: Map {},
6 silly batched     localDependents: Map { '@frontity/core' => [PackageGraphNode] }
6 silly batched   }
6 silly batched ]
7 silly batched [
7 silly batched   PackageGraphNode {
7 silly batched     name: '@frontity/core',
7 silly batched     externalDependencies: Map {
7 silly batched       '@types/babel-core' => [Object],
7 silly batched       '@types/express' => [Object],
7 silly batched       '@types/fs-extra' => [Object],
7 silly batched       '@types/htmlescape' => [Object],
7 silly batched       '@types/jest' => [Object],
7 silly batched       '@types/koa' => [Object],
7 silly batched       '@types/koa-mount' => [Object],
7 silly batched       '@types/koa-route' => [Object],
7 silly batched       '@types/koa-static' => [Object],
7 silly batched       '@types/loadable__component' => [Object],
7 silly batched       '@types/loadable__server' => [Object],
7 silly batched       '@types/lodash-es' => [Object],
7 silly batched       '@types/minimist' => [Object],
7 silly batched       '@types/node' => [Object],
7 silly batched       '@types/react' => [Object],
7 silly batched       '@types/react-dom' => [Object],
7 silly batched       '@types/react-helmet' => [Object],
7 silly batched       '@types/webpack' => [Object],
7 silly batched       '@types/webpack-bundle-analyzer' => [Object],
7 silly batched       '@types/webpack-dev-middleware' => [Object],
7 silly batched       '@types/webpack-env' => [Object],
7 silly batched       '@types/webpack-hot-middleware' => [Object],
7 silly batched       'jest' => [Object],
7 silly batched       'ts-jest' => [Object],
7 silly batched       '@babel/core' => [Object],
7 silly batched       '@babel/plugin-proposal-class-properties' => [Object],
7 silly batched       '@babel/plugin-proposal-object-rest-spread' => [Object],
7 silly batched       '@babel/plugin-syntax-dynamic-import' => [Object],
7 silly batched       '@babel/preset-env' => [Object],
7 silly batched       '@babel/preset-react' => [Object],
7 silly batched       '@babel/preset-typescript' => [Object],
7 silly batched       '@emotion/babel-preset-css-prop' => [Object],
7 silly batched       '@emotion/core' => [Object],
7 silly batched       '@loadable/babel-plugin' => [Object],
7 silly batched       '@loadable/component' => [Object],
7 silly batched       '@loadable/server' => [Object],
7 silly batched       '@loadable/webpack-plugin' => [Object],
7 silly batched       'babel-loader' => [Object],
7 silly batched       'babel-plugin-transform-inline-environment-variables' => [Object],
7 silly batched       'babel-polyfill' => [Object],
7 silly batched       'core-js' => [Object],
7 silly batched       'deepmerge' => [Object],
7 silly batched       'express' => [Object],
7 silly batched       'file-loader' => [Object],
7 silly batched       'fs-extra' => [Object],
7 silly batched       'hash-it' => [Object],
7 silly batched       'htmlescape' => [Object],
7 silly batched       'koa' => [Object],
7 silly batched       'koa-mount' => [Object],
7 silly batched       'koa-route' => [Object],
7 silly batched       'koa-static' => [Object],
7 silly batched       'lodash-es' => [Object],
7 silly batched       'minimist' => [Object],
7 silly batched       'open' => [Object],
7 silly batched       'promise-monofill' => [Object],
7 silly batched       'raw-loader' => [Object],
7 silly batched       'react' => [Object],
7 silly batched       'react-dom' => [Object],
7 silly batched       'react-helmet-async' => [Object],
7 silly batched       'require-from-string' => [Object],
7 silly batched       'ts-node' => [Object],
7 silly batched       'typescript' => [Object],
7 silly batched       'url-loader' => [Object],
7 silly batched       'webpack' => [Object],
7 silly batched       'webpack-bundle-analyzer' => [Object],
7 silly batched       'webpack-dev-middleware' => [Object],
7 silly batched       'webpack-hot-middleware' => [Object]
7 silly batched     },
7 silly batched     localDependencies: Map {},
7 silly batched     localDependents: Map {
7 silly batched       'e2e-project' => [PackageGraphNode],
7 silly batched       'example-mars-theme' => [PackageGraphNode],
7 silly batched       'example-typescript-basic' => [PackageGraphNode],
7 silly batched       'frontity' => [PackageGraphNode]
7 silly batched     }
7 silly batched   }
7 silly batched ]
8 silly batched [
8 silly batched   PackageGraphNode {
8 silly batched     name: 'frontity',
8 silly batched     externalDependencies: Map {
8 silly batched       '@types/didyoumean' => [Object],
8 silly batched       '@types/fs-extra' => [Object],
8 silly batched       '@types/inquirer' => [Object],
8 silly batched       '@types/jest' => [Object],
8 silly batched       '@types/node' => [Object],
8 silly batched       '@types/node-fetch' => [Object],
8 silly batched       '@types/phin' => [Object],
8 silly batched       '@types/ramda' => [Object],
8 silly batched       '@types/shelljs' => [Object],
8 silly batched       '@types/stack-trace' => [Object],
8 silly batched       '@types/tar' => [Object],
8 silly batched       'jest' => [Object],
8 silly batched       'ts-jest' => [Object],
8 silly batched       '@emotion/core' => [Object],
8 silly batched       '@emotion/styled' => [Object],
8 silly batched       '@loadable/component' => [Object],
8 silly batched       'chalk' => [Object],
8 silly batched       'clipboardy' => [Object],
8 silly batched       'commander' => [Object],
8 silly batched       'didyoumean' => [Object],
8 silly batched       'envinfo' => [Object],
8 silly batched       'fs-extra' => [Object],
8 silly batched       'inquirer' => [Object],
8 silly batched       'node-fetch' => [Object],
8 silly batched       'ora' => [Object],
8 silly batched       'ramda' => [Object],
8 silly batched       'react-helmet-async' => [Object],
8 silly batched       'tar' => [Object],
8 silly batched       'ts-node' => [Object],
8 silly batched       'typescript' => [Object]
8 silly batched     },
8 silly batched     localDependencies: Map {},
8 silly batched     localDependents: Map {
8 silly batched       'e2e-emotion' => [PackageGraphNode],
8 silly batched       'e2e-fonts' => [PackageGraphNode],
8 silly batched       'e2e-head' => [PackageGraphNode],
8 silly batched       'e2e-image' => [PackageGraphNode],
8 silly batched       'e2e-loadable' => [PackageGraphNode],
8 silly batched       'e2e-script' => [PackageGraphNode],
8 silly batched       'e2e-project' => [PackageGraphNode],
8 silly batched       'example-mars-theme' => [PackageGraphNode],
8 silly batched       'example-typescript-basic' => [PackageGraphNode],
8 silly batched       '@frontity/components' => [PackageGraphNode],
8 silly batched       '@frontity/extension-example-1' => [PackageGraphNode],
8 silly batched       '@frontity/extension-example-2' => [PackageGraphNode],
8 silly batched       '@frontity/head-tags' => [PackageGraphNode],
8 silly batched       '@frontity/hooks' => [PackageGraphNode],
8 silly batched       '@frontity/html2react' => [PackageGraphNode],
8 silly batched       '@frontity/mars-theme' => [PackageGraphNode],
8 silly batched       '@frontity/router' => [PackageGraphNode],
8 silly batched       '@frontity/source' => [PackageGraphNode],
8 silly batched       '@frontity/tiny-router' => [PackageGraphNode],
8 silly batched       '@frontity/wp-source' => [PackageGraphNode],
8 silly batched       '@frontity/yoast' => [PackageGraphNode]
8 silly batched     }
8 silly batched   }
8 silly batched ]
9 silly batched [
9 silly batched   PackageGraphNode {
9 silly batched     name: 'e2e-emotion',
9 silly batched     externalDependencies: Map {},
9 silly batched     localDependencies: Map {},
9 silly batched     localDependents: Map { 'e2e-project' => [PackageGraphNode] }
9 silly batched   },
9 silly batched   PackageGraphNode {
9 silly batched     name: 'e2e-fonts',
9 silly batched     externalDependencies: Map {},
9 silly batched     localDependencies: Map {},
9 silly batched     localDependents: Map { 'e2e-project' => [PackageGraphNode] }
9 silly batched   },
9 silly batched   PackageGraphNode {
9 silly batched     name: 'e2e-head',
9 silly batched     externalDependencies: Map {},
9 silly batched     localDependencies: Map {},
9 silly batched     localDependents: Map { 'e2e-project' => [PackageGraphNode] }
9 silly batched   },
9 silly batched   PackageGraphNode {
9 silly batched     name: 'e2e-loadable',
9 silly batched     externalDependencies: Map {},
9 silly batched     localDependencies: Map {},
9 silly batched     localDependents: Map { 'e2e-project' => [PackageGraphNode] }
9 silly batched   },
9 silly batched   PackageGraphNode {
9 silly batched     name: '@frontity/extension-example-2',
9 silly batched     externalDependencies: Map {},
9 silly batched     localDependencies: Map {},
9 silly batched     localDependents: Map { 'example-typescript-basic' => [PackageGraphNode] }
9 silly batched   },
9 silly batched   PackageGraphNode {
9 silly batched     name: '@frontity/hooks',
9 silly batched     externalDependencies: Map {
9 silly batched       'jest' => [Object],
9 silly batched       'ts-jest' => [Object],
9 silly batched       'typescript' => [Object]
9 silly batched     },
9 silly batched     localDependencies: Map {},
9 silly batched     localDependents: Map { '@frontity/components' => [PackageGraphNode] }
9 silly batched   },
9 silly batched   PackageGraphNode {
9 silly batched     name: '@frontity/router',
9 silly batched     externalDependencies: Map {
9 silly batched       '@types/jest' => [Object],
9 silly batched       'jest' => [Object],
9 silly batched       'ts-jest' => [Object],
9 silly batched       'typescript' => [Object]
9 silly batched     },
9 silly batched     localDependencies: Map {},
9 silly batched     localDependents: Map {
9 silly batched       '@frontity/extension-example-1' => [PackageGraphNode],
9 silly batched       '@frontity/head-tags' => [PackageGraphNode],
9 silly batched       '@frontity/tiny-router' => [PackageGraphNode],
9 silly batched       '@frontity/yoast' => [PackageGraphNode]
9 silly batched     }
9 silly batched   },
9 silly batched   PackageGraphNode {
9 silly batched     name: '@frontity/source',
9 silly batched     externalDependencies: Map {
9 silly batched       '@types/jest' => [Object],
9 silly batched       'jest' => [Object],
9 silly batched       'ts-jest' => [Object],
9 silly batched       'typescript' => [Object]
9 silly batched     },
9 silly batched     localDependencies: Map {},
9 silly batched     localDependents: Map {
9 silly batched       '@frontity/head-tags' => [PackageGraphNode],
9 silly batched       '@frontity/tiny-router' => [PackageGraphNode],
9 silly batched       '@frontity/wp-source' => [PackageGraphNode],
9 silly batched       '@frontity/yoast' => [PackageGraphNode]
9 silly batched     }
9 silly batched   }
9 silly batched ]
10 silly batched [
10 silly batched   PackageGraphNode {
10 silly batched     name: '@frontity/components',
10 silly batched     externalDependencies: Map {
10 silly batched       '@types/react-test-renderer' => [Object],
10 silly batched       'jest' => [Object],
10 silly batched       'react-test-renderer' => [Object],
10 silly batched       'ts-jest' => [Object],
10 silly batched       'typescript' => [Object]
10 silly batched     },
10 silly batched     localDependencies: Map {},
10 silly batched     localDependents: Map {
10 silly batched       'e2e-image' => [PackageGraphNode],
10 silly batched       'e2e-script' => [PackageGraphNode],
10 silly batched       '@frontity/html2react' => [PackageGraphNode],
10 silly batched       '@frontity/mars-theme' => [PackageGraphNode]
10 silly batched     }
10 silly batched   },
10 silly batched   PackageGraphNode {
10 silly batched     name: '@frontity/extension-example-1',
10 silly batched     externalDependencies: Map {},
10 silly batched     localDependencies: Map {},
10 silly batched     localDependents: Map { 'example-typescript-basic' => [PackageGraphNode] }
10 silly batched   },
10 silly batched   PackageGraphNode {
10 silly batched     name: '@frontity/tiny-router',
10 silly batched     externalDependencies: Map {
10 silly batched       '@types/jest' => [Object],
10 silly batched       'jest' => [Object],
10 silly batched       'ts-jest' => [Object],
10 silly batched       'typescript' => [Object]
10 silly batched     },
10 silly batched     localDependencies: Map {},
10 silly batched     localDependents: Map {
10 silly batched       'e2e-project' => [PackageGraphNode],
10 silly batched       'example-mars-theme' => [PackageGraphNode],
10 silly batched       'example-typescript-basic' => [PackageGraphNode]
10 silly batched     }
10 silly batched   },
10 silly batched   PackageGraphNode {
10 silly batched     name: '@frontity/wp-source',
10 silly batched     externalDependencies: Map {
10 silly batched       '@types/jest' => [Object],
10 silly batched       'clone-deep' => [Object],
10 silly batched       'jest' => [Object],
10 silly batched       'node-fetch' => [Object],
10 silly batched       'ts-jest' => [Object],
10 silly batched       'typescript' => [Object],
10 silly batched       'normalizr' => [Object],
10 silly batched       'path-to-regexp' => [Object],
10 silly batched       'query-string' => [Object]
10 silly batched     },
10 silly batched     localDependencies: Map {},
10 silly batched     localDependents: Map {
10 silly batched       'example-mars-theme' => [PackageGraphNode],
10 silly batched       'example-typescript-basic' => [PackageGraphNode],
10 silly batched       '@frontity/head-tags' => [PackageGraphNode]
10 silly batched     }
10 silly batched   },
10 silly batched   PackageGraphNode {
10 silly batched     name: '@frontity/yoast',
10 silly batched     externalDependencies: Map {
10 silly batched       '@types/jest' => [Object],
10 silly batched       'jest' => [Object],
10 silly batched       'ts-jest' => [Object],
10 silly batched       'typescript' => [Object],
10 silly batched       'string-humanize' => [Object]
10 silly batched     },
10 silly batched     localDependencies: Map {},
10 silly batched     localDependents: Map {}
10 silly batched   }
10 silly batched ]
11 silly batched [
11 silly batched   PackageGraphNode {
11 silly batched     name: 'e2e-image',
11 silly batched     externalDependencies: Map {},
11 silly batched     localDependencies: Map {},
11 silly batched     localDependents: Map { 'e2e-project' => [PackageGraphNode] }
11 silly batched   },
11 silly batched   PackageGraphNode {
11 silly batched     name: 'e2e-script',
11 silly batched     externalDependencies: Map {},
11 silly batched     localDependencies: Map {},
11 silly batched     localDependents: Map { 'e2e-project' => [PackageGraphNode] }
11 silly batched   },
11 silly batched   PackageGraphNode {
11 silly batched     name: 'example-typescript-basic',
11 silly batched     externalDependencies: Map {},
11 silly batched     localDependencies: Map {},
11 silly batched     localDependents: Map {}
11 silly batched   },
11 silly batched   PackageGraphNode {
11 silly batched     name: '@frontity/head-tags',
11 silly batched     externalDependencies: Map {
11 silly batched       '@types/jest' => [Object],
11 silly batched       'jest' => [Object],
11 silly batched       'ts-jest' => [Object],
11 silly batched       'typescript' => [Object]
11 silly batched     },
11 silly batched     localDependencies: Map {},
11 silly batched     localDependents: Map {}
11 silly batched   },
11 silly batched   PackageGraphNode {
11 silly batched     name: '@frontity/html2react',
11 silly batched     externalDependencies: Map {
11 silly batched       '@types/he' => [Object],
11 silly batched       '@types/react-test-renderer' => [Object],
11 silly batched       '@testing-library/react' => [Object],
11 silly batched       'jest' => [Object],
11 silly batched       'react-test-renderer' => [Object],
11 silly batched       'ts-jest' => [Object],
11 silly batched       'he' => [Object],
11 silly batched       'himalaya' => [Object]
11 silly batched     },
11 silly batched     localDependencies: Map {},
11 silly batched     localDependents: Map {
11 silly batched       'example-mars-theme' => [PackageGraphNode],
11 silly batched       '@frontity/mars-theme' => [PackageGraphNode]
11 silly batched     }
11 silly batched   }
11 silly batched ]
12 silly batched [
12 silly batched   PackageGraphNode {
12 silly batched     name: 'e2e-project',
12 silly batched     externalDependencies: Map {},
12 silly batched     localDependencies: Map {},
12 silly batched     localDependents: Map {}
12 silly batched   },
12 silly batched   PackageGraphNode {
12 silly batched     name: '@frontity/mars-theme',
12 silly batched     externalDependencies: Map { 'react-spinners' => [Object] },
12 silly batched     localDependencies: Map {},
12 silly batched     localDependents: Map { 'example-mars-theme' => [PackageGraphNode] }
12 silly batched   }
12 silly batched ]
13 silly batched [
13 silly batched   PackageGraphNode {
13 silly batched     name: 'example-mars-theme',
13 silly batched     externalDependencies: Map {},
13 silly batched     localDependencies: Map {},
13 silly batched     localDependents: Map {}
13 silly batched   }
13 silly batched ]
14 silly npmConfig {
14 silly npmConfig   registry: undefined,
14 silly npmConfig   npmClient: 'npm',
14 silly npmConfig   npmClientArgs: [],
14 silly npmConfig   mutex: undefined
14 silly npmConfig }
15 info Bootstrapping 28 packages
16 verbose lifecycle preinstall
17 silly lifecycle No script for "preinstall" in "babel-plugin-frontity", continuing
18 silly lifecycle No script for "preinstall" in "@frontity/connect", continuing
19 silly lifecycle No script for "preinstall" in "@frontity/type-declarations", continuing
20 silly lifecycle No script for "preinstall" in "@frontity/types", continuing
21 silly lifecycle No script for "preinstall" in "@frontity/file-settings", continuing
22 silly lifecycle No script for "preinstall" in "@frontity/core", continuing
23 silly lifecycle No script for "preinstall" in "frontity", continuing
24 silly lifecycle No script for "preinstall" in "e2e-emotion", continuing
25 silly lifecycle No script for "preinstall" in "e2e-fonts", continuing
26 silly lifecycle No script for "preinstall" in "e2e-head", continuing
27 silly lifecycle No script for "preinstall" in "e2e-loadable", continuing
28 silly lifecycle No script for "preinstall" in "@frontity/extension-example-2", continuing
29 silly lifecycle No script for "preinstall" in "@frontity/hooks", continuing
30 silly lifecycle No script for "preinstall" in "@frontity/router", continuing
31 silly lifecycle No script for "preinstall" in "@frontity/source", continuing
32 silly lifecycle No script for "preinstall" in "@frontity/components", continuing
33 silly lifecycle No script for "preinstall" in "@frontity/extension-example-1", continuing
34 silly lifecycle No script for "preinstall" in "@frontity/tiny-router", continuing
35 silly lifecycle No script for "preinstall" in "@frontity/wp-source", continuing
36 silly lifecycle No script for "preinstall" in "@frontity/yoast", continuing
37 silly lifecycle No script for "preinstall" in "e2e-image", continuing
38 silly lifecycle No script for "preinstall" in "e2e-script", continuing
39 silly lifecycle No script for "preinstall" in "example-typescript-basic", continuing
40 silly lifecycle No script for "preinstall" in "@frontity/head-tags", continuing
41 silly lifecycle No script for "preinstall" in "@frontity/html2react", continuing
42 silly lifecycle No script for "preinstall" in "e2e-project", continuing
43 silly lifecycle No script for "preinstall" in "@frontity/mars-theme", continuing
44 silly lifecycle No script for "preinstall" in "example-mars-theme", continuing
45 silly hasDependencyInstalled frontity-monorepo @changesets/changelog-github
46 silly hasDependencyInstalled frontity-monorepo @changesets/cli
47 silly hasDependencyInstalled frontity-monorepo @typescript-eslint/eslint-plugin
48 silly hasDependencyInstalled frontity-monorepo @typescript-eslint/parser
49 silly hasDependencyInstalled frontity-monorepo cross-env
50 silly hasDependencyInstalled frontity-monorepo eslint
51 silly hasDependencyInstalled frontity-monorepo eslint-plugin-cypress
52 silly hasDependencyInstalled frontity-monorepo eslint-plugin-import
53 silly hasDependencyInstalled frontity-monorepo eslint-plugin-jest
54 silly hasDependencyInstalled frontity-monorepo eslint-plugin-jsx-a11y
55 silly hasDependencyInstalled frontity-monorepo eslint-plugin-react
56 silly hasDependencyInstalled frontity-monorepo husky
57 silly hasDependencyInstalled frontity-monorepo lerna
58 silly hasDependencyInstalled frontity-monorepo lint-staged
59 silly hasDependencyInstalled frontity-monorepo prettier
60 silly hasDependencyInstalled frontity-monorepo typescript
61 silly hasDependencyInstalled frontity-monorepo @babel/core
62 silly hasDependencyInstalled frontity-monorepo @babel/plugin-proposal-class-properties
63 silly hasDependencyInstalled frontity-monorepo @babel/plugin-proposal-object-rest-spread
64 silly hasDependencyInstalled frontity-monorepo @babel/plugin-syntax-dynamic-import
65 silly hasDependencyInstalled frontity-monorepo @babel/preset-env
66 silly hasDependencyInstalled frontity-monorepo @babel/preset-react
67 silly hasDependencyInstalled frontity-monorepo @babel/preset-typescript
68 silly hasDependencyInstalled frontity-monorepo @babel/types
69 silly hasDependencyInstalled frontity-monorepo @emotion/babel-preset-css-prop
70 silly hasDependencyInstalled frontity-monorepo @emotion/core
71 silly hasDependencyInstalled frontity-monorepo @emotion/styled
72 silly hasDependencyInstalled frontity-monorepo @loadable/babel-plugin
73 silly hasDependencyInstalled frontity-monorepo @loadable/component
74 silly hasDependencyInstalled frontity-monorepo @loadable/server
75 silly hasDependencyInstalled frontity-monorepo @loadable/webpack-plugin
76 silly hasDependencyInstalled frontity-monorepo @testing-library/react
77 silly hasDependencyInstalled frontity-monorepo @types/babel-core
78 silly hasDependencyInstalled frontity-monorepo @types/didyoumean
79 silly hasDependencyInstalled frontity-monorepo @types/express
80 silly hasDependencyInstalled frontity-monorepo @types/fs-extra
81 silly hasDependencyInstalled frontity-monorepo @types/he
82 silly hasDependencyInstalled frontity-monorepo @types/htmlescape
83 silly hasDependencyInstalled frontity-monorepo @types/inquirer
84 silly hasDependencyInstalled frontity-monorepo @types/jest
85 silly hasDependencyInstalled frontity-monorepo @types/koa
86 silly hasDependencyInstalled frontity-monorepo @types/koa-mount
87 silly hasDependencyInstalled frontity-monorepo @types/koa-route
88 silly hasDependencyInstalled frontity-monorepo @types/koa-static
89 silly hasDependencyInstalled frontity-monorepo @types/loadable__component
90 silly hasDependencyInstalled frontity-monorepo @types/loadable__server
91 silly hasDependencyInstalled frontity-monorepo @types/lodash-es
92 silly hasDependencyInstalled frontity-monorepo @types/minimist
93 silly hasDependencyInstalled frontity-monorepo @types/node
94 silly hasDependencyInstalled frontity-monorepo @types/node-fetch
95 silly hasDependencyInstalled frontity-monorepo @types/phin
96 silly hasDependencyInstalled frontity-monorepo @types/ramda
97 silly hasDependencyInstalled frontity-monorepo @types/react
98 silly hasDependencyInstalled frontity-monorepo @types/react-dom
99 silly hasDependencyInstalled frontity-monorepo @types/react-helmet
100 silly hasDependencyInstalled frontity-monorepo @types/react-test-renderer
101 silly hasDependencyInstalled frontity-monorepo @types/shelljs
102 silly hasDependencyInstalled frontity-monorepo @types/stack-trace
103 silly hasDependencyInstalled frontity-monorepo @types/tar
104 silly hasDependencyInstalled frontity-monorepo @types/webpack
105 silly hasDependencyInstalled frontity-monorepo @types/webpack-bundle-analyzer
106 silly hasDependencyInstalled frontity-monorepo @types/webpack-dev-middleware
107 silly hasDependencyInstalled frontity-monorepo @types/webpack-env
108 silly hasDependencyInstalled frontity-monorepo @types/webpack-hot-middleware
109 silly hasDependencyInstalled frontity-monorepo babel-loader
110 silly hasDependencyInstalled frontity-monorepo babel-plugin-tester
111 silly hasDependencyInstalled frontity-monorepo babel-plugin-transform-inline-environment-variables
112 silly hasDependencyInstalled frontity-monorepo babel-polyfill
113 silly hasDependencyInstalled frontity-monorepo chalk
114 silly hasDependencyInstalled frontity-monorepo clipboardy
115 silly hasDependencyInstalled frontity-monorepo clone-deep
116 silly hasDependencyInstalled frontity-monorepo commander
117 silly hasDependencyInstalled frontity-monorepo core-js
118 silly hasDependencyInstalled frontity-monorepo deepmerge
119 silly hasDependencyInstalled frontity-monorepo didyoumean
120 silly hasDependencyInstalled frontity-monorepo envinfo
121 silly hasDependencyInstalled frontity-monorepo express
122 silly hasDependencyInstalled frontity-monorepo file-loader
123 silly hasDependencyInstalled frontity-monorepo fs-extra
124 silly hasDependencyInstalled frontity-monorepo hash-it
125 silly hasDependencyInstalled frontity-monorepo he
126 silly hasDependencyInstalled frontity-monorepo himalaya
127 silly hasDependencyInstalled frontity-monorepo htmlescape
128 silly hasDependencyInstalled frontity-monorepo inquirer
129 silly hasDependencyInstalled frontity-monorepo jest
130 silly hasDependencyInstalled frontity-monorepo koa
131 silly hasDependencyInstalled frontity-monorepo koa-mount
132 silly hasDependencyInstalled frontity-monorepo koa-route
133 silly hasDependencyInstalled frontity-monorepo koa-static
134 silly hasDependencyInstalled frontity-monorepo lodash-es
135 silly hasDependencyInstalled frontity-monorepo minimist
136 silly hasDependencyInstalled frontity-monorepo node-fetch
137 silly hasDependencyInstalled frontity-monorepo normalizr
138 silly hasDependencyInstalled frontity-monorepo open
139 silly hasDependencyInstalled frontity-monorepo ora
140 silly hasDependencyInstalled frontity-monorepo path-to-regexp
141 silly hasDependencyInstalled frontity-monorepo promise-monofill
142 silly hasDependencyInstalled frontity-monorepo query-string
143 silly hasDependencyInstalled frontity-monorepo ramda
144 silly hasDependencyInstalled frontity-monorepo raw-loader
145 silly hasDependencyInstalled frontity-monorepo react
146 silly hasDependencyInstalled frontity-monorepo react-dom
147 silly hasDependencyInstalled frontity-monorepo react-helmet-async
148 silly hasDependencyInstalled frontity-monorepo react-spinners
149 silly hasDependencyInstalled frontity-monorepo react-test-renderer
150 silly hasDependencyInstalled frontity-monorepo require-from-string
151 silly hasDependencyInstalled frontity-monorepo string-humanize
152 silly hasDependencyInstalled frontity-monorepo tar
153 silly hasDependencyInstalled frontity-monorepo ts-jest
154 silly hasDependencyInstalled frontity-monorepo ts-node
155 silly hasDependencyInstalled frontity-monorepo url-loader
156 silly hasDependencyInstalled frontity-monorepo webpack
157 silly hasDependencyInstalled frontity-monorepo webpack-bundle-analyzer
158 silly hasDependencyInstalled frontity-monorepo webpack-dev-middleware
159 silly hasDependencyInstalled frontity-monorepo webpack-hot-middleware
160 silly root dependencies {}
161 silly leaf dependencies {}
162 info Installing external dependencies
163 verbose actions 2 actions, concurrency 8
164 info hoist Installing hoisted dependencies into root
165 silly npmInstallDependencies frontity-monorepo [
165 silly npmInstallDependencies   '@changesets/changelog-github@^0.1.1',
165 silly npmInstallDependencies   '@changesets/cli@^2.4.0',
165 silly npmInstallDependencies   '@typescript-eslint/eslint-plugin@^2.0.0',
165 silly npmInstallDependencies   '@typescript-eslint/parser@^2.0.0',
165 silly npmInstallDependencies   'cross-env@^5.2.1',
165 silly npmInstallDependencies   'eslint@^6.2.2',
165 silly npmInstallDependencies   'eslint-plugin-cypress@^2.6.1',
165 silly npmInstallDependencies   'eslint-plugin-import@^2.18.2',
165 silly npmInstallDependencies   'eslint-plugin-jest@^22.15.2',
165 silly npmInstallDependencies   'eslint-plugin-jsx-a11y@^6.2.3',
165 silly npmInstallDependencies   'eslint-plugin-react@^7.14.3',
165 silly npmInstallDependencies   'husky@^1.3.1',
165 silly npmInstallDependencies   'lerna@^3.15.0',
165 silly npmInstallDependencies   'lint-staged@^8.1.4',
165 silly npmInstallDependencies   'prettier@^1.16.4',
165 silly npmInstallDependencies   'typescript@^3.6.3',
165 silly npmInstallDependencies   '@babel/core@^7.3.4',
165 silly npmInstallDependencies   '@babel/plugin-proposal-class-properties@^7.3.4',
165 silly npmInstallDependencies   '@babel/plugin-proposal-object-rest-spread@^7.3.4',
165 silly npmInstallDependencies   '@babel/plugin-syntax-dynamic-import@^7.2.0',
165 silly npmInstallDependencies   '@babel/preset-env@^7.3.4',
165 silly npmInstallDependencies   '@babel/preset-react@^7.0.0',
165 silly npmInstallDependencies   '@babel/preset-typescript@^7.3.3',
165 silly npmInstallDependencies   '@babel/types@^7.6.3',
165 silly npmInstallDependencies   '@emotion/babel-preset-css-prop@^10.0.9',
165 silly npmInstallDependencies   '@emotion/core@^10.0.22',
165 silly npmInstallDependencies   '@emotion/styled@^10.0.22',
165 silly npmInstallDependencies   '@loadable/babel-plugin@^5.10.0',
165 silly npmInstallDependencies   '@loadable/component@^5.10.1',
165 silly npmInstallDependencies   '@loadable/server@^5.9.0',
165 silly npmInstallDependencies   '@loadable/webpack-plugin@^5.7.1',
165 silly npmInstallDependencies   '@testing-library/react@^9.4.0',
165 silly npmInstallDependencies   '@types/babel-core@^6.25.6',
165 silly npmInstallDependencies   '@types/didyoumean@^1.2.0',
165 silly npmInstallDependencies   '@types/express@^4.16.1',
165 silly npmInstallDependencies   '@types/fs-extra@^5.0.5',
165 silly npmInstallDependencies   '@types/he@^1.1.0',
165 silly npmInstallDependencies   '@types/htmlescape@^1.1.1',
165 silly npmInstallDependencies   '@types/inquirer@^6.0.0',
165 silly npmInstallDependencies   '@types/jest@^24.0.11',
165 silly npmInstallDependencies   '@types/koa@^2.0.48',
165 silly npmInstallDependencies   '@types/koa-mount@^3.0.1',
165 silly npmInstallDependencies   '@types/koa-route@^3.2.4',
165 silly npmInstallDependencies   '@types/koa-static@^4.0.1',
165 silly npmInstallDependencies   '@types/loadable__component@^5.6.0',
165 silly npmInstallDependencies   '@types/loadable__server@^5.8.0',
165 silly npmInstallDependencies   '@types/lodash-es@^4.17.3',
165 silly npmInstallDependencies   '@types/minimist@^1.2.0',
165 silly npmInstallDependencies   '@types/node@^11.13.2',
165 silly npmInstallDependencies   '@types/node-fetch@^2.3.3',
165 silly npmInstallDependencies   '@types/phin@^3.3.0',
165 silly npmInstallDependencies   '@types/ramda@^0.26.33',
165 silly npmInstallDependencies   '@types/react@^16.8.6',
165 silly npmInstallDependencies   '@types/react-dom@^16.8.2',
165 silly npmInstallDependencies   '@types/react-helmet@5.0.10',
165 silly npmInstallDependencies   '@types/react-test-renderer@^16.8.1',
165 silly npmInstallDependencies   '@types/shelljs@^0.8.4',
165 silly npmInstallDependencies   '@types/stack-trace@0.0.29',
165 silly npmInstallDependencies   '@types/tar@^4.0.0',
165 silly npmInstallDependencies   '@types/webpack@^4.4.25',
165 silly npmInstallDependencies   '@types/webpack-bundle-analyzer@^2.13.1',
165 silly npmInstallDependencies   '@types/webpack-dev-middleware@^2.0.2',
165 silly npmInstallDependencies   '@types/webpack-env@^1.13.9',
165 silly npmInstallDependencies   '@types/webpack-hot-middleware@^2.16.5',
165 silly npmInstallDependencies   'babel-loader@^8.0.5',
165 silly npmInstallDependencies   'babel-plugin-tester@^7.0.1',
165 silly npmInstallDependencies   'babel-plugin-transform-inline-environment-variables@^0.4.3',
165 silly npmInstallDependencies   'babel-polyfill@^6.26.0',
165 silly npmInstallDependencies   'chalk@^2.4.2',
165 silly npmInstallDependencies   'clipboardy@^2.1.0',
165 silly npmInstallDependencies   'clone-deep@4.0.1',
165 silly npmInstallDependencies   'commander@^2.20.0',
165 silly npmInstallDependencies   'core-js@^3.0.1',
165 silly npmInstallDependencies   'deepmerge@^3.2.0',
165 silly npmInstallDependencies   'didyoumean@^1.2.1',
165 silly npmInstallDependencies   'envinfo@^7.3.1',
165 silly npmInstallDependencies   'express@^4.16.4',
165 silly npmInstallDependencies   'file-loader@^3.0.1',
165 silly npmInstallDependencies   'fs-extra@^7.0.1',
165 silly npmInstallDependencies   'hash-it@^4.0.4',
165 silly npmInstallDependencies   'he@^1.2.0',
165 silly npmInstallDependencies   'himalaya@^1.1.0',
165 silly npmInstallDependencies   'htmlescape@^1.1.1',
165 silly npmInstallDependencies   'inquirer@^6.3.1',
165 silly npmInstallDependencies   'jest@^24.7.1',
165 silly npmInstallDependencies   'koa@^2.7.0',
165 silly npmInstallDependencies   'koa-mount@^4.0.0',
165 silly npmInstallDependencies   'koa-route@^3.2.0',
165 silly npmInstallDependencies   'koa-static@^5.0.0',
165 silly npmInstallDependencies   'lodash-es@^4.17.11',
165 silly npmInstallDependencies   'minimist@^1.2.0',
165 silly npmInstallDependencies   'node-fetch@^2.6.0',
165 silly npmInstallDependencies   'normalizr@^3.3.0',
165 silly npmInstallDependencies   'open@^6.3.0',
165 silly npmInstallDependencies   'ora@^3.4.0',
165 silly npmInstallDependencies   'path-to-regexp@^3.0.0',
165 silly npmInstallDependencies   'promise-monofill@^1.0.1',
165 silly npmInstallDependencies   'query-string@^6.8.3',
165 silly npmInstallDependencies   'ramda@^0.26.1',
165 silly npmInstallDependencies   'raw-loader@^3.0.0',
165 silly npmInstallDependencies   ... 15 more items
165 silly npmInstallDependencies ]
166 silly npmInstallDependencies backup /Users/jude/Projects/frontity/package.json
167 info hoist Pruning hoisted dependencies
168 silly prune [
168 silly prune   '/Users/jude/Projects/frontity/packages/babel-plugin-frontity/node_modules/typescript',
168 silly prune   '/Users/jude/Projects/frontity/packages/components/node_modules/typescript',
168 silly prune   '/Users/jude/Projects/frontity/packages/connect/node_modules/typescript',
168 silly prune   '/Users/jude/Projects/frontity/packages/core/node_modules/typescript',
168 silly prune   '/Users/jude/Projects/frontity/packages/file-settings/node_modules/typescript',
168 silly prune   '/Users/jude/Projects/frontity/packages/frontity/node_modules/typescript',
168 silly prune   '/Users/jude/Projects/frontity/packages/head-tags/node_modules/typescript',
168 silly prune   '/Users/jude/Projects/frontity/packages/hooks/node_modules/typescript',
168 silly prune   '/Users/jude/Projects/frontity/packages/router/node_modules/typescript',
168 silly prune   '/Users/jude/Projects/frontity/packages/source/node_modules/typescript',
168 silly prune   '/Users/jude/Projects/frontity/packages/tiny-router/node_modules/typescript',
168 silly prune   '/Users/jude/Projects/frontity/packages/types/node_modules/typescript',
168 silly prune   '/Users/jude/Projects/frontity/packages/wp-source/node_modules/typescript',
168 silly prune   '/Users/jude/Projects/frontity/packages/yoast/node_modules/typescript',
168 silly prune   '/Users/jude/Projects/frontity/packages/core/node_modules/@babel/core',
168 silly prune   '/Users/jude/Projects/frontity/packages/core/node_modules/@babel/plugin-proposal-class-properties',
168 silly prune   '/Users/jude/Projects/frontity/packages/core/node_modules/@babel/plugin-proposal-object-rest-spread',
168 silly prune   '/Users/jude/Projects/frontity/packages/core/node_modules/@babel/plugin-syntax-dynamic-import',
168 silly prune   '/Users/jude/Projects/frontity/packages/core/node_modules/@babel/preset-env',
168 silly prune   '/Users/jude/Projects/frontity/packages/core/node_modules/@babel/preset-react',
168 silly prune   '/Users/jude/Projects/frontity/packages/core/node_modules/@babel/preset-typescript',
168 silly prune   '/Users/jude/Projects/frontity/packages/babel-plugin-frontity/node_modules/@babel/types',
168 silly prune   '/Users/jude/Projects/frontity/packages/core/node_modules/@emotion/babel-preset-css-prop',
168 silly prune   '/Users/jude/Projects/frontity/packages/core/node_modules/@emotion/core',
168 silly prune   '/Users/jude/Projects/frontity/packages/frontity/node_modules/@emotion/core',
168 silly prune   '/Users/jude/Projects/frontity/packages/frontity/node_modules/@emotion/styled',
168 silly prune   '/Users/jude/Projects/frontity/packages/core/node_modules/@loadable/babel-plugin',
168 silly prune   '/Users/jude/Projects/frontity/packages/core/node_modules/@loadable/component',
168 silly prune   '/Users/jude/Projects/frontity/packages/frontity/node_modules/@loadable/component',
168 silly prune   '/Users/jude/Projects/frontity/packages/core/node_modules/@loadable/server',
168 silly prune   '/Users/jude/Projects/frontity/packages/core/node_modules/@loadable/webpack-plugin',
168 silly prune   '/Users/jude/Projects/frontity/packages/html2react/node_modules/@testing-library/react',
168 silly prune   '/Users/jude/Projects/frontity/packages/core/node_modules/@types/babel-core',
168 silly prune   '/Users/jude/Projects/frontity/packages/frontity/node_modules/@types/didyoumean',
168 silly prune   '/Users/jude/Projects/frontity/packages/core/node_modules/@types/express',
168 silly prune   '/Users/jude/Projects/frontity/packages/core/node_modules/@types/fs-extra',
168 silly prune   '/Users/jude/Projects/frontity/packages/frontity/node_modules/@types/fs-extra',
168 silly prune   '/Users/jude/Projects/frontity/packages/html2react/node_modules/@types/he',
168 silly prune   '/Users/jude/Projects/frontity/packages/core/node_modules/@types/htmlescape',
168 silly prune   '/Users/jude/Projects/frontity/packages/frontity/node_modules/@types/inquirer',
168 silly prune   '/Users/jude/Projects/frontity/packages/babel-plugin-frontity/node_modules/@types/jest',
168 silly prune   '/Users/jude/Projects/frontity/packages/connect/node_modules/@types/jest',
168 silly prune   '/Users/jude/Projects/frontity/packages/core/node_modules/@types/jest',
168 silly prune   '/Users/jude/Projects/frontity/packages/file-settings/node_modules/@types/jest',
168 silly prune   '/Users/jude/Projects/frontity/packages/frontity/node_modules/@types/jest',
168 silly prune   '/Users/jude/Projects/frontity/packages/head-tags/node_modules/@types/jest',
168 silly prune   '/Users/jude/Projects/frontity/packages/router/node_modules/@types/jest',
168 silly prune   '/Users/jude/Projects/frontity/packages/source/node_modules/@types/jest',
168 silly prune   '/Users/jude/Projects/frontity/packages/tiny-router/node_modules/@types/jest',
168 silly prune   '/Users/jude/Projects/frontity/packages/types/node_modules/@types/jest',
168 silly prune   '/Users/jude/Projects/frontity/packages/wp-source/node_modules/@types/jest',
168 silly prune   '/Users/jude/Projects/frontity/packages/yoast/node_modules/@types/jest',
168 silly prune   '/Users/jude/Projects/frontity/packages/core/node_modules/@types/koa',
168 silly prune   '/Users/jude/Projects/frontity/packages/core/node_modules/@types/koa-mount',
168 silly prune   '/Users/jude/Projects/frontity/packages/core/node_modules/@types/koa-route',
168 silly prune   '/Users/jude/Projects/frontity/packages/core/node_modules/@types/koa-static',
168 silly prune   '/Users/jude/Projects/frontity/packages/core/node_modules/@types/loadable__component',
168 silly prune   '/Users/jude/Projects/frontity/packages/core/node_modules/@types/loadable__server',
168 silly prune   '/Users/jude/Projects/frontity/packages/core/node_modules/@types/lodash-es',
168 silly prune   '/Users/jude/Projects/frontity/packages/core/node_modules/@types/minimist',
168 silly prune   '/Users/jude/Projects/frontity/packages/core/node_modules/@types/node',
168 silly prune   '/Users/jude/Projects/frontity/packages/frontity/node_modules/@types/node',
168 silly prune   '/Users/jude/Projects/frontity/packages/frontity/node_modules/@types/node-fetch',
168 silly prune   '/Users/jude/Projects/frontity/packages/frontity/node_modules/@types/phin',
168 silly prune   '/Users/jude/Projects/frontity/packages/file-settings/node_modules/@types/ramda',
168 silly prune   '/Users/jude/Projects/frontity/packages/frontity/node_modules/@types/ramda',
168 silly prune   '/Users/jude/Projects/frontity/packages/core/node_modules/@types/react',
168 silly prune   '/Users/jude/Projects/frontity/packages/core/node_modules/@types/react-dom',
168 silly prune   '/Users/jude/Projects/frontity/packages/core/node_modules/@types/react-helmet',
168 silly prune   '/Users/jude/Projects/frontity/packages/components/node_modules/@types/react-test-renderer',
168 silly prune   '/Users/jude/Projects/frontity/packages/html2react/node_modules/@types/react-test-renderer',
168 silly prune   '/Users/jude/Projects/frontity/packages/frontity/node_modules/@types/shelljs',
168 silly prune   '/Users/jude/Projects/frontity/packages/frontity/node_modules/@types/stack-trace',
168 silly prune   '/Users/jude/Projects/frontity/packages/frontity/node_modules/@types/tar',
168 silly prune   '/Users/jude/Projects/frontity/packages/core/node_modules/@types/webpack',
168 silly prune   '/Users/jude/Projects/frontity/packages/core/node_modules/@types/webpack-bundle-analyzer',
168 silly prune   '/Users/jude/Projects/frontity/packages/core/node_modules/@types/webpack-dev-middleware',
168 silly prune   '/Users/jude/Projects/frontity/packages/core/node_modules/@types/webpack-env',
168 silly prune   '/Users/jude/Projects/frontity/packages/core/node_modules/@types/webpack-hot-middleware',
168 silly prune   '/Users/jude/Projects/frontity/packages/core/node_modules/babel-loader',
168 silly prune   '/Users/jude/Projects/frontity/packages/babel-plugin-frontity/node_modules/babel-plugin-tester',
168 silly prune   '/Users/jude/Projects/frontity/packages/core/node_modules/babel-plugin-transform-inline-environment-variables',
168 silly prune   '/Users/jude/Projects/frontity/packages/core/node_modules/babel-polyfill',
168 silly prune   '/Users/jude/Projects/frontity/packages/frontity/node_modules/chalk',
168 silly prune   '/Users/jude/Projects/frontity/packages/frontity/node_modules/clipboardy',
168 silly prune   '/Users/jude/Projects/frontity/packages/wp-source/node_modules/clone-deep',
168 silly prune   '/Users/jude/Projects/frontity/packages/frontity/node_modules/commander',
168 silly prune   '/Users/jude/Projects/frontity/packages/core/node_modules/core-js',
168 silly prune   '/Users/jude/Projects/frontity/packages/core/node_modules/deepmerge',
168 silly prune   '/Users/jude/Projects/frontity/packages/frontity/node_modules/didyoumean',
168 silly prune   '/Users/jude/Projects/frontity/packages/frontity/node_modules/envinfo',
168 silly prune   '/Users/jude/Projects/frontity/packages/core/node_modules/express',
168 silly prune   '/Users/jude/Projects/frontity/packages/core/node_modules/file-loader',
168 silly prune   '/Users/jude/Projects/frontity/packages/core/node_modules/fs-extra',
168 silly prune   '/Users/jude/Projects/frontity/packages/frontity/node_modules/fs-extra',
168 silly prune   '/Users/jude/Projects/frontity/packages/core/node_modules/hash-it',
168 silly prune   '/Users/jude/Projects/frontity/packages/html2react/node_modules/he',
168 silly prune   '/Users/jude/Projects/frontity/packages/html2react/node_modules/himalaya',
168 silly prune   '/Users/jude/Projects/frontity/packages/core/node_modules/htmlescape',
168 silly prune   '/Users/jude/Projects/frontity/packages/frontity/node_modules/inquirer',
168 silly prune   ... 65 more items
168 silly prune ]
169 silly rimrafDir /Users/jude/Projects/frontity/packages/babel-plugin-frontity/node_modules/typescript
170 silly rimrafDir /Users/jude/Projects/frontity/packages/components/node_modules/typescript
171 silly rimrafDir /Users/jude/Projects/frontity/packages/connect/node_modules/typescript
172 silly rimrafDir /Users/jude/Projects/frontity/packages/core/node_modules/typescript
173 silly rimrafDir /Users/jude/Projects/frontity/packages/file-settings/node_modules/typescript
174 silly rimrafDir /Users/jude/Projects/frontity/packages/frontity/node_modules/typescript
175 silly rimrafDir /Users/jude/Projects/frontity/packages/head-tags/node_modules/typescript
176 silly rimrafDir /Users/jude/Projects/frontity/packages/hooks/node_modules/typescript
177 silly npmInstallDependencies writing tempJson {
177 silly npmInstallDependencies   name: 'frontity-monorepo',
177 silly npmInstallDependencies   private: true,
177 silly npmInstallDependencies   workspaces: [ 'packages/*', 'examples/*', 'e2e/project', 'e2e/packages/*' ],
177 silly npmInstallDependencies   devDependencies: {
177 silly npmInstallDependencies     '@changesets/changelog-github': '^0.1.1',
177 silly npmInstallDependencies     '@changesets/cli': '^2.4.0',
177 silly npmInstallDependencies     '@typescript-eslint/eslint-plugin': '^2.0.0',
177 silly npmInstallDependencies     '@typescript-eslint/parser': '^2.0.0',
177 silly npmInstallDependencies     'cross-env': '^5.2.1',
177 silly npmInstallDependencies     eslint: '^6.2.2',
177 silly npmInstallDependencies     'eslint-plugin-cypress': '^2.6.1',
177 silly npmInstallDependencies     'eslint-plugin-import': '^2.18.2',
177 silly npmInstallDependencies     'eslint-plugin-jest': '^22.15.2',
177 silly npmInstallDependencies     'eslint-plugin-jsx-a11y': '^6.2.3',
177 silly npmInstallDependencies     'eslint-plugin-react': '^7.14.3',
177 silly npmInstallDependencies     husky: '^1.3.1',
177 silly npmInstallDependencies     lerna: '^3.15.0',
177 silly npmInstallDependencies     'lint-staged': '^8.1.4',
177 silly npmInstallDependencies     prettier: '^1.16.4',
177 silly npmInstallDependencies     typescript: '^3.6.3'
177 silly npmInstallDependencies   },
177 silly npmInstallDependencies   prettier: {},
177 silly npmInstallDependencies   dependencies: {
177 silly npmInstallDependencies     '@babel/core': '^7.3.4',
177 silly npmInstallDependencies     '@babel/plugin-proposal-class-properties': '^7.3.4',
177 silly npmInstallDependencies     '@babel/plugin-proposal-object-rest-spread': '^7.3.4',
177 silly npmInstallDependencies     '@babel/plugin-syntax-dynamic-import': '^7.2.0',
177 silly npmInstallDependencies     '@babel/preset-env': '^7.3.4',
177 silly npmInstallDependencies     '@babel/preset-react': '^7.0.0',
177 silly npmInstallDependencies     '@babel/preset-typescript': '^7.3.3',
177 silly npmInstallDependencies     '@babel/types': '^7.6.3',
177 silly npmInstallDependencies     '@emotion/babel-preset-css-prop': '^10.0.9',
177 silly npmInstallDependencies     '@emotion/core': '^10.0.22',
177 silly npmInstallDependencies     '@emotion/styled': '^10.0.22',
177 silly npmInstallDependencies     '@loadable/babel-plugin': '^5.10.0',
177 silly npmInstallDependencies     '@loadable/component': '^5.10.1',
177 silly npmInstallDependencies     '@loadable/server': '^5.9.0',
177 silly npmInstallDependencies     '@loadable/webpack-plugin': '^5.7.1',
177 silly npmInstallDependencies     '@testing-library/react': '^9.4.0',
177 silly npmInstallDependencies     '@types/babel-core': '^6.25.6',
177 silly npmInstallDependencies     '@types/didyoumean': '^1.2.0',
177 silly npmInstallDependencies     '@types/express': '^4.16.1',
177 silly npmInstallDependencies     '@types/fs-extra': '^5.0.5',
177 silly npmInstallDependencies     '@types/he': '^1.1.0',
177 silly npmInstallDependencies     '@types/htmlescape': '^1.1.1',
177 silly npmInstallDependencies     '@types/inquirer': '^6.0.0',
177 silly npmInstallDependencies     '@types/jest': '^24.0.11',
177 silly npmInstallDependencies     '@types/koa': '^2.0.48',
177 silly npmInstallDependencies     '@types/koa-mount': '^3.0.1',
177 silly npmInstallDependencies     '@types/koa-route': '^3.2.4',
177 silly npmInstallDependencies     '@types/koa-static': '^4.0.1',
177 silly npmInstallDependencies     '@types/loadable__component': '^5.6.0',
177 silly npmInstallDependencies     '@types/loadable__server': '^5.8.0',
177 silly npmInstallDependencies     '@types/lodash-es': '^4.17.3',
177 silly npmInstallDependencies     '@types/minimist': '^1.2.0',
177 silly npmInstallDependencies     '@types/node': '^11.13.2',
177 silly npmInstallDependencies     '@types/node-fetch': '^2.3.3',
177 silly npmInstallDependencies     '@types/phin': '^3.3.0',
177 silly npmInstallDependencies     '@types/ramda': '^0.26.33',
177 silly npmInstallDependencies     '@types/react': '^16.8.6',
177 silly npmInstallDependencies     '@types/react-dom': '^16.8.2',
177 silly npmInstallDependencies     '@types/react-helmet': '5.0.10',
177 silly npmInstallDependencies     '@types/react-test-renderer': '^16.8.1',
177 silly npmInstallDependencies     '@types/shelljs': '^0.8.4',
177 silly npmInstallDependencies     '@types/stack-trace': '0.0.29',
177 silly npmInstallDependencies     '@types/tar': '^4.0.0',
177 silly npmInstallDependencies     '@types/webpack': '^4.4.25',
177 silly npmInstallDependencies     '@types/webpack-bundle-analyzer': '^2.13.1',
177 silly npmInstallDependencies     '@types/webpack-dev-middleware': '^2.0.2',
177 silly npmInstallDependencies     '@types/webpack-env': '^1.13.9',
177 silly npmInstallDependencies     '@types/webpack-hot-middleware': '^2.16.5',
177 silly npmInstallDependencies     'babel-loader': '^8.0.5',
177 silly npmInstallDependencies     'babel-plugin-tester': '^7.0.1',
177 silly npmInstallDependencies     'babel-plugin-transform-inline-environment-variables': '^0.4.3',
177 silly npmInstallDependencies     'babel-polyfill': '^6.26.0',
177 silly npmInstallDependencies     chalk: '^2.4.2',
177 silly npmInstallDependencies     clipboardy: '^2.1.0',
177 silly npmInstallDependencies     'clone-deep': '4.0.1',
177 silly npmInstallDependencies     commander: '^2.20.0',
177 silly npmInstallDependencies     'core-js': '^3.0.1',
177 silly npmInstallDependencies     deepmerge: '^3.2.0',
177 silly npmInstallDependencies     didyoumean: '^1.2.1',
177 silly npmInstallDependencies     envinfo: '^7.3.1',
177 silly npmInstallDependencies     express: '^4.16.4',
177 silly npmInstallDependencies     'file-loader': '^3.0.1',
177 silly npmInstallDependencies     'fs-extra': '^7.0.1',
177 silly npmInstallDependencies     'hash-it': '^4.0.4',
177 silly npmInstallDependencies     he: '^1.2.0',
177 silly npmInstallDependencies     himalaya: '^1.1.0',
177 silly npmInstallDependencies     htmlescape: '^1.1.1',
177 silly npmInstallDependencies     inquirer: '^6.3.1',
177 silly npmInstallDependencies     jest: '^24.7.1',
177 silly npmInstallDependencies     koa: '^2.7.0',
177 silly npmInstallDependencies     'koa-mount': '^4.0.0',
177 silly npmInstallDependencies     'koa-route': '^3.2.0',
177 silly npmInstallDependencies     'koa-static': '^5.0.0',
177 silly npmInstallDependencies     'lodash-es': '^4.17.11',
177 silly npmInstallDependencies     minimist: '^1.2.0',
177 silly npmInstallDependencies     'node-fetch': '^2.6.0',
177 silly npmInstallDependencies     normalizr: '^3.3.0',
177 silly npmInstallDependencies     open: '^6.3.0',
177 silly npmInstallDependencies     ora: '^3.4.0',
177 silly npmInstallDependencies     'path-to-regexp': '^3.0.0',
177 silly npmInstallDependencies     'promise-monofill': '^1.0.1',
177 silly npmInstallDependencies     'query-string': '^6.8.3',
177 silly npmInstallDependencies     ramda: '^0.26.1',
177 silly npmInstallDependencies     'raw-loader': '^3.0.0',
177 silly npmInstallDependencies     react: '^16.8.3',
177 silly npmInstallDependencies     'react-dom': '^16.8.3',
177 silly npmInstallDependencies     'react-helmet-async': '^1.0.2',
177 silly npmInstallDependencies     'react-spinners': '^0.5.4',
177 silly npmInstallDependencies     'react-test-renderer': '^16.8.6',
177 silly npmInstallDependencies     'require-from-string': '^2.0.2',
177 silly npmInstallDependencies     'string-humanize': '^1.0.1',
177 silly npmInstallDependencies     tar: '^4.4.8',
177 silly npmInstallDependencies     'ts-jest': '^24.0.2',
177 silly npmInstallDependencies     'ts-node': '^8.0.3',
177 silly npmInstallDependencies     'url-loader': '2.1.0',
177 silly npmInstallDependencies     webpack: '^4.29.6',
177 silly npmInstallDependencies     'webpack-bundle-analyzer': '^3.1.0',
177 silly npmInstallDependencies     'webpack-dev-middleware': '^3.6.0',
177 silly npmInstallDependencies     'webpack-hot-middleware': '^2.24.3'
177 silly npmInstallDependencies   }
177 silly npmInstallDependencies }
178 verbose prune /Users/jude/Projects/frontity/packages/babel-plugin-frontity/node_modules/typescript
179 silly rimrafDir /Users/jude/Projects/frontity/packages/router/node_modules/typescript
180 verbose prune /Users/jude/Projects/frontity/packages/components/node_modules/typescript
181 silly rimrafDir /Users/jude/Projects/frontity/packages/source/node_modules/typescript
182 verbose prune /Users/jude/Projects/frontity/packages/core/node_modules/typescript
183 silly rimrafDir /Users/jude/Projects/frontity/packages/tiny-router/node_modules/typescript
184 verbose prune /Users/jude/Projects/frontity/packages/connect/node_modules/typescript
185 silly rimrafDir /Users/jude/Projects/frontity/packages/types/node_modules/typescript
186 verbose prune /Users/jude/Projects/frontity/packages/file-settings/node_modules/typescript
187 silly rimrafDir /Users/jude/Projects/frontity/packages/wp-source/node_modules/typescript
188 verbose prune /Users/jude/Projects/frontity/packages/frontity/node_modules/typescript
189 silly rimrafDir /Users/jude/Projects/frontity/packages/yoast/node_modules/typescript
190 verbose prune /Users/jude/Projects/frontity/packages/hooks/node_modules/typescript
191 silly rimrafDir /Users/jude/Projects/frontity/packages/core/node_modules/@babel/core
192 verbose prune /Users/jude/Projects/frontity/packages/head-tags/node_modules/typescript
193 silly rimrafDir /Users/jude/Projects/frontity/packages/core/node_modules/@babel/plugin-proposal-class-properties
194 verbose prune /Users/jude/Projects/frontity/packages/router/node_modules/typescript
195 silly rimrafDir /Users/jude/Projects/frontity/packages/core/node_modules/@babel/plugin-proposal-object-rest-spread
196 verbose prune /Users/jude/Projects/frontity/packages/source/node_modules/typescript
197 silly rimrafDir /Users/jude/Projects/frontity/packages/core/node_modules/@babel/plugin-syntax-dynamic-import
198 verbose prune /Users/jude/Projects/frontity/packages/tiny-router/node_modules/typescript
199 silly rimrafDir /Users/jude/Projects/frontity/packages/core/node_modules/@babel/preset-env
200 verbose prune /Users/jude/Projects/frontity/packages/types/node_modules/typescript
201 silly rimrafDir /Users/jude/Projects/frontity/packages/core/node_modules/@babel/preset-react
202 verbose prune /Users/jude/Projects/frontity/packages/wp-source/node_modules/typescript
203 silly rimrafDir /Users/jude/Projects/frontity/packages/core/node_modules/@babel/preset-typescript
204 verbose prune /Users/jude/Projects/frontity/packages/yoast/node_modules/typescript
205 silly rimrafDir /Users/jude/Projects/frontity/packages/babel-plugin-frontity/node_modules/@babel/types
206 verbose prune /Users/jude/Projects/frontity/packages/core/node_modules/@babel/core
207 silly rimrafDir /Users/jude/Projects/frontity/packages/core/node_modules/@emotion/babel-preset-css-prop
208 verbose prune /Users/jude/Projects/frontity/packages/core/node_modules/@babel/plugin-proposal-class-properties
209 silly rimrafDir /Users/jude/Projects/frontity/packages/core/node_modules/@emotion/core
210 verbose prune /Users/jude/Projects/frontity/packages/core/node_modules/@babel/plugin-proposal-object-rest-spread
211 silly rimrafDir /Users/jude/Projects/frontity/packages/frontity/node_modules/@emotion/core
212 verbose prune /Users/jude/Projects/frontity/packages/core/node_modules/@babel/plugin-syntax-dynamic-import
213 silly rimrafDir /Users/jude/Projects/frontity/packages/frontity/node_modules/@emotion/styled
214 verbose prune /Users/jude/Projects/frontity/packages/core/node_modules/@babel/preset-env
215 silly rimrafDir /Users/jude/Projects/frontity/packages/core/node_modules/@loadable/babel-plugin
216 verbose prune /Users/jude/Projects/frontity/packages/core/node_modules/@babel/preset-react
217 silly rimrafDir /Users/jude/Projects/frontity/packages/core/node_modules/@loadable/component
218 verbose prune /Users/jude/Projects/frontity/packages/core/node_modules/@babel/preset-typescript
219 silly rimrafDir /Users/jude/Projects/frontity/packages/frontity/node_modules/@loadable/component
220 verbose prune /Users/jude/Projects/frontity/packages/babel-plugin-frontity/node_modules/@babel/types
221 silly rimrafDir /Users/jude/Projects/frontity/packages/core/node_modules/@loadable/server
222 verbose prune /Users/jude/Projects/frontity/packages/core/node_modules/@emotion/babel-preset-css-prop
223 silly rimrafDir /Users/jude/Projects/frontity/packages/core/node_modules/@loadable/webpack-plugin
224 verbose prune /Users/jude/Projects/frontity/packages/core/node_modules/@emotion/core
225 silly rimrafDir /Users/jude/Projects/frontity/packages/html2react/node_modules/@testing-library/react
226 verbose prune /Users/jude/Projects/frontity/packages/frontity/node_modules/@emotion/core
227 silly rimrafDir /Users/jude/Projects/frontity/packages/core/node_modules/@types/babel-core
228 verbose prune /Users/jude/Projects/frontity/packages/frontity/node_modules/@emotion/styled
229 silly rimrafDir /Users/jude/Projects/frontity/packages/frontity/node_modules/@types/didyoumean
230 verbose prune /Users/jude/Projects/frontity/packages/core/node_modules/@loadable/babel-plugin
231 silly rimrafDir /Users/jude/Projects/frontity/packages/core/node_modules/@types/express
232 verbose prune /Users/jude/Projects/frontity/packages/core/node_modules/@loadable/component
233 silly rimrafDir /Users/jude/Projects/frontity/packages/core/node_modules/@types/fs-extra
234 verbose prune /Users/jude/Projects/frontity/packages/frontity/node_modules/@loadable/component
235 silly rimrafDir /Users/jude/Projects/frontity/packages/frontity/node_modules/@types/fs-extra
236 verbose prune /Users/jude/Projects/frontity/packages/core/node_modules/@loadable/server
237 silly rimrafDir /Users/jude/Projects/frontity/packages/html2react/node_modules/@types/he
238 verbose prune /Users/jude/Projects/frontity/packages/core/node_modules/@loadable/webpack-plugin
239 silly rimrafDir /Users/jude/Projects/frontity/packages/core/node_modules/@types/htmlescape
240 verbose prune /Users/jude/Projects/frontity/packages/html2react/node_modules/@testing-library/react
241 silly rimrafDir /Users/jude/Projects/frontity/packages/frontity/node_modules/@types/inquirer
242 verbose prune /Users/jude/Projects/frontity/packages/core/node_modules/@types/babel-core
243 silly rimrafDir /Users/jude/Projects/frontity/packages/babel-plugin-frontity/node_modules/@types/jest
244 verbose prune /Users/jude/Projects/frontity/packages/frontity/node_modules/@types/didyoumean
245 silly rimrafDir /Users/jude/Projects/frontity/packages/connect/node_modules/@types/jest
246 verbose prune /Users/jude/Projects/frontity/packages/core/node_modules/@types/express
247 silly rimrafDir /Users/jude/Projects/frontity/packages/core/node_modules/@types/jest
248 verbose prune /Users/jude/Projects/frontity/packages/core/node_modules/@types/fs-extra
249 silly rimrafDir /Users/jude/Projects/frontity/packages/file-settings/node_modules/@types/jest
250 verbose prune /Users/jude/Projects/frontity/packages/core/node_modules/@types/htmlescape
251 silly rimrafDir /Users/jude/Projects/frontity/packages/frontity/node_modules/@types/jest
252 verbose prune /Users/jude/Projects/frontity/packages/frontity/node_modules/@types/fs-extra
253 silly rimrafDir /Users/jude/Projects/frontity/packages/head-tags/node_modules/@types/jest
254 verbose prune /Users/jude/Projects/frontity/packages/html2react/node_modules/@types/he
255 silly rimrafDir /Users/jude/Projects/frontity/packages/router/node_modules/@types/jest
256 verbose prune /Users/jude/Projects/frontity/packages/frontity/node_modules/@types/inquirer
257 silly rimrafDir /Users/jude/Projects/frontity/packages/source/node_modules/@types/jest
258 verbose prune /Users/jude/Projects/frontity/packages/babel-plugin-frontity/node_modules/@types/jest
259 silly rimrafDir /Users/jude/Projects/frontity/packages/tiny-router/node_modules/@types/jest
260 verbose prune /Users/jude/Projects/frontity/packages/connect/node_modules/@types/jest
261 silly rimrafDir /Users/jude/Projects/frontity/packages/types/node_modules/@types/jest
262 verbose prune /Users/jude/Projects/frontity/packages/core/node_modules/@types/jest
263 silly rimrafDir /Users/jude/Projects/frontity/packages/wp-source/node_modules/@types/jest
264 verbose prune /Users/jude/Projects/frontity/packages/file-settings/node_modules/@types/jest
265 silly rimrafDir /Users/jude/Projects/frontity/packages/yoast/node_modules/@types/jest
266 verbose prune /Users/jude/Projects/frontity/packages/frontity/node_modules/@types/jest
267 silly rimrafDir /Users/jude/Projects/frontity/packages/core/node_modules/@types/koa
268 verbose prune /Users/jude/Projects/frontity/packages/head-tags/node_modules/@types/jest
269 silly rimrafDir /Users/jude/Projects/frontity/packages/core/node_modules/@types/koa-mount
270 verbose prune /Users/jude/Projects/frontity/packages/router/node_modules/@types/jest
271 silly rimrafDir /Users/jude/Projects/frontity/packages/core/node_modules/@types/koa-route
272 verbose prune /Users/jude/Projects/frontity/packages/source/node_modules/@types/jest
273 silly rimrafDir /Users/jude/Projects/frontity/packages/core/node_modules/@types/koa-static
274 verbose prune /Users/jude/Projects/frontity/packages/tiny-router/node_modules/@types/jest
275 silly rimrafDir /Users/jude/Projects/frontity/packages/core/node_modules/@types/loadable__component
276 verbose prune /Users/jude/Projects/frontity/packages/types/node_modules/@types/jest
277 silly rimrafDir /Users/jude/Projects/frontity/packages/core/node_modules/@types/loadable__server
278 verbose prune /Users/jude/Projects/frontity/packages/wp-source/node_modules/@types/jest
279 silly rimrafDir /Users/jude/Projects/frontity/packages/core/node_modules/@types/lodash-es
280 verbose prune /Users/jude/Projects/frontity/packages/yoast/node_modules/@types/jest
281 silly rimrafDir /Users/jude/Projects/frontity/packages/core/node_modules/@types/minimist
282 verbose prune /Users/jude/Projects/frontity/packages/core/node_modules/@types/koa
283 silly rimrafDir /Users/jude/Projects/frontity/packages/core/node_modules/@types/node
284 verbose prune /Users/jude/Projects/frontity/packages/core/node_modules/@types/koa-mount
285 silly rimrafDir /Users/jude/Projects/frontity/packages/frontity/node_modules/@types/node
286 verbose prune /Users/jude/Projects/frontity/packages/core/node_modules/@types/koa-route
287 silly rimrafDir /Users/jude/Projects/frontity/packages/frontity/node_modules/@types/node-fetch
288 verbose prune /Users/jude/Projects/frontity/packages/core/node_modules/@types/koa-static
289 silly rimrafDir /Users/jude/Projects/frontity/packages/frontity/node_modules/@types/phin
290 verbose prune /Users/jude/Projects/frontity/packages/core/node_modules/@types/loadable__component
291 silly rimrafDir /Users/jude/Projects/frontity/packages/file-settings/node_modules/@types/ramda
292 verbose prune /Users/jude/Projects/frontity/packages/core/node_modules/@types/loadable__server
293 silly rimrafDir /Users/jude/Projects/frontity/packages/frontity/node_modules/@types/ramda
294 verbose prune /Users/jude/Projects/frontity/packages/core/node_modules/@types/lodash-es
295 silly rimrafDir /Users/jude/Projects/frontity/packages/core/node_modules/@types/react
296 verbose prune /Users/jude/Projects/frontity/packages/core/node_modules/@types/minimist
297 silly rimrafDir /Users/jude/Projects/frontity/packages/core/node_modules/@types/react-dom
298 verbose prune /Users/jude/Projects/frontity/packages/core/node_modules/@types/node
299 silly rimrafDir /Users/jude/Projects/frontity/packages/core/node_modules/@types/react-helmet
300 verbose prune /Users/jude/Projects/frontity/packages/frontity/node_modules/@types/node
301 silly rimrafDir /Users/jude/Projects/frontity/packages/components/node_modules/@types/react-test-renderer
302 verbose prune /Users/jude/Projects/frontity/packages/frontity/node_modules/@types/node-fetch
303 silly rimrafDir /Users/jude/Projects/frontity/packages/html2react/node_modules/@types/react-test-renderer
304 verbose prune /Users/jude/Projects/frontity/packages/frontity/node_modules/@types/phin
305 silly rimrafDir /Users/jude/Projects/frontity/packages/frontity/node_modules/@types/shelljs
306 verbose prune /Users/jude/Projects/frontity/packages/file-settings/node_modules/@types/ramda
307 silly rimrafDir /Users/jude/Projects/frontity/packages/frontity/node_modules/@types/stack-trace
308 verbose prune /Users/jude/Projects/frontity/packages/frontity/node_modules/@types/ramda
309 silly rimrafDir /Users/jude/Projects/frontity/packages/frontity/node_modules/@types/tar
310 verbose prune /Users/jude/Projects/frontity/packages/core/node_modules/@types/react
311 silly rimrafDir /Users/jude/Projects/frontity/packages/core/node_modules/@types/webpack
312 verbose prune /Users/jude/Projects/frontity/packages/core/node_modules/@types/react-dom
313 silly rimrafDir /Users/jude/Projects/frontity/packages/core/node_modules/@types/webpack-bundle-analyzer
314 verbose prune /Users/jude/Projects/frontity/packages/core/node_modules/@types/react-helmet
315 silly rimrafDir /Users/jude/Projects/frontity/packages/core/node_modules/@types/webpack-dev-middleware
316 verbose prune /Users/jude/Projects/frontity/packages/components/node_modules/@types/react-test-renderer
317 silly rimrafDir /Users/jude/Projects/frontity/packages/core/node_modules/@types/webpack-env
318 verbose prune /Users/jude/Projects/frontity/packages/html2react/node_modules/@types/react-test-renderer
319 silly rimrafDir /Users/jude/Projects/frontity/packages/core/node_modules/@types/webpack-hot-middleware
320 verbose prune /Users/jude/Projects/frontity/packages/frontity/node_modules/@types/shelljs
321 silly rimrafDir /Users/jude/Projects/frontity/packages/core/node_modules/babel-loader
322 verbose prune /Users/jude/Projects/frontity/packages/frontity/node_modules/@types/stack-trace
323 silly rimrafDir /Users/jude/Projects/frontity/packages/babel-plugin-frontity/node_modules/babel-plugin-tester
324 verbose prune /Users/jude/Projects/frontity/packages/frontity/node_modules/@types/tar
325 silly rimrafDir /Users/jude/Projects/frontity/packages/core/node_modules/babel-plugin-transform-inline-environment-variables
326 verbose prune /Users/jude/Projects/frontity/packages/core/node_modules/@types/webpack
327 silly rimrafDir /Users/jude/Projects/frontity/packages/core/node_modules/babel-polyfill
328 verbose prune /Users/jude/Projects/frontity/packages/core/node_modules/@types/webpack-bundle-analyzer
329 silly rimrafDir /Users/jude/Projects/frontity/packages/frontity/node_modules/chalk
330 verbose prune /Users/jude/Projects/frontity/packages/core/node_modules/@types/webpack-dev-middleware
331 silly rimrafDir /Users/jude/Projects/frontity/packages/frontity/node_modules/clipboardy
332 verbose prune /Users/jude/Projects/frontity/packages/core/node_modules/@types/webpack-env
333 silly rimrafDir /Users/jude/Projects/frontity/packages/wp-source/node_modules/clone-deep
334 verbose prune /Users/jude/Projects/frontity/packages/core/node_modules/@types/webpack-hot-middleware
335 silly rimrafDir /Users/jude/Projects/frontity/packages/frontity/node_modules/commander
336 verbose prune /Users/jude/Projects/frontity/packages/core/node_modules/babel-loader
337 silly rimrafDir /Users/jude/Projects/frontity/packages/core/node_modules/core-js
338 verbose prune /Users/jude/Projects/frontity/packages/babel-plugin-frontity/node_modules/babel-plugin-tester
339 silly rimrafDir /Users/jude/Projects/frontity/packages/core/node_modules/deepmerge
340 verbose prune /Users/jude/Projects/frontity/packages/core/node_modules/babel-plugin-transform-inline-environment-variables
341 silly rimrafDir /Users/jude/Projects/frontity/packages/frontity/node_modules/didyoumean
342 verbose prune /Users/jude/Projects/frontity/packages/core/node_modules/babel-polyfill
343 silly rimrafDir /Users/jude/Projects/frontity/packages/frontity/node_modules/envinfo
344 verbose prune /Users/jude/Projects/frontity/packages/frontity/node_modules/chalk
345 silly rimrafDir /Users/jude/Projects/frontity/packages/core/node_modules/express
346 verbose prune /Users/jude/Projects/frontity/packages/frontity/node_modules/clipboardy
347 silly rimrafDir /Users/jude/Projects/frontity/packages/core/node_modules/file-loader
348 verbose prune /Users/jude/Projects/frontity/packages/wp-source/node_modules/clone-deep
349 silly rimrafDir /Users/jude/Projects/frontity/packages/core/node_modules/fs-extra
350 verbose prune /Users/jude/Projects/frontity/packages/frontity/node_modules/commander
351 silly rimrafDir /Users/jude/Projects/frontity/packages/frontity/node_modules/fs-extra
352 verbose prune /Users/jude/Projects/frontity/packages/core/node_modules/core-js
353 silly rimrafDir /Users/jude/Projects/frontity/packages/core/node_modules/hash-it
354 verbose prune /Users/jude/Projects/frontity/packages/core/node_modules/deepmerge
355 silly rimrafDir /Users/jude/Projects/frontity/packages/html2react/node_modules/he
356 verbose prune /Users/jude/Projects/frontity/packages/frontity/node_modules/didyoumean
357 silly rimrafDir /Users/jude/Projects/frontity/packages/html2react/node_modules/himalaya
358 verbose prune /Users/jude/Projects/frontity/packages/frontity/node_modules/envinfo
359 silly rimrafDir /Users/jude/Projects/frontity/packages/core/node_modules/htmlescape
360 verbose prune /Users/jude/Projects/frontity/packages/core/node_modules/express
361 silly rimrafDir /Users/jude/Projects/frontity/packages/frontity/node_modules/inquirer
362 verbose prune /Users/jude/Projects/frontity/packages/core/node_modules/file-loader
363 silly rimrafDir /Users/jude/Projects/frontity/packages/babel-plugin-frontity/node_modules/jest
364 verbose prune /Users/jude/Projects/frontity/packages/core/node_modules/fs-extra
365 silly rimrafDir /Users/jude/Projects/frontity/packages/components/node_modules/jest
366 verbose prune /Users/jude/Projects/frontity/packages/frontity/node_modules/fs-extra
367 silly rimrafDir /Users/jude/Projects/frontity/packages/connect/node_modules/jest
368 verbose prune /Users/jude/Projects/frontity/packages/core/node_modules/hash-it
369 silly rimrafDir /Users/jude/Projects/frontity/packages/core/node_modules/jest
370 verbose prune /Users/jude/Projects/frontity/packages/html2react/node_modules/he
371 silly rimrafDir /Users/jude/Projects/frontity/packages/file-settings/node_modules/jest
372 verbose prune /Users/jude/Projects/frontity/packages/html2react/node_modules/himalaya
373 silly rimrafDir /Users/jude/Projects/frontity/packages/frontity/node_modules/jest
374 verbose prune /Users/jude/Projects/frontity/packages/core/node_modules/htmlescape
375 silly rimrafDir /Users/jude/Projects/frontity/packages/head-tags/node_modules/jest
376 verbose prune /Users/jude/Projects/frontity/packages/frontity/node_modules/inquirer
377 silly rimrafDir /Users/jude/Projects/frontity/packages/hooks/node_modules/jest
378 verbose prune /Users/jude/Projects/frontity/packages/babel-plugin-frontity/node_modules/jest
379 silly rimrafDir /Users/jude/Projects/frontity/packages/html2react/node_modules/jest
380 verbose prune /Users/jude/Projects/frontity/packages/components/node_modules/jest
381 silly rimrafDir /Users/jude/Projects/frontity/packages/router/node_modules/jest
382 verbose prune /Users/jude/Projects/frontity/packages/connect/node_modules/jest
383 silly rimrafDir /Users/jude/Projects/frontity/packages/source/node_modules/jest
384 verbose prune /Users/jude/Projects/frontity/packages/core/node_modules/jest
385 silly rimrafDir /Users/jude/Projects/frontity/packages/tiny-router/node_modules/jest
386 verbose prune /Users/jude/Projects/frontity/packages/file-settings/node_modules/jest
387 silly rimrafDir /Users/jude/Projects/frontity/packages/types/node_modules/jest
388 verbose prune /Users/jude/Projects/frontity/packages/frontity/node_modules/jest
389 silly rimrafDir /Users/jude/Projects/frontity/packages/wp-source/node_modules/jest
390 verbose prune /Users/jude/Projects/frontity/packages/head-tags/node_modules/jest
391 silly rimrafDir /Users/jude/Projects/frontity/packages/yoast/node_modules/jest
392 verbose prune /Users/jude/Projects/frontity/packages/hooks/node_modules/jest
393 silly rimrafDir /Users/jude/Projects/frontity/packages/core/node_modules/koa
394 verbose prune /Users/jude/Projects/frontity/packages/html2react/node_modules/jest
395 silly rimrafDir /Users/jude/Projects/frontity/packages/core/node_modules/koa-mount
396 verbose prune /Users/jude/Projects/frontity/packages/router/node_modules/jest
397 silly rimrafDir /Users/jude/Projects/frontity/packages/core/node_modules/koa-route
398 verbose prune /Users/jude/Projects/frontity/packages/source/node_modules/jest
399 silly rimrafDir /Users/jude/Projects/frontity/packages/core/node_modules/koa-static
400 verbose prune /Users/jude/Projects/frontity/packages/tiny-router/node_modules/jest
401 silly rimrafDir /Users/jude/Projects/frontity/packages/core/node_modules/lodash-es
402 verbose prune /Users/jude/Projects/frontity/packages/types/node_modules/jest
403 silly rimrafDir /Users/jude/Projects/frontity/packages/core/node_modules/minimist
404 verbose prune /Users/jude/Projects/frontity/packages/wp-source/node_modules/jest
405 silly rimrafDir /Users/jude/Projects/frontity/packages/frontity/node_modules/node-fetch
406 verbose prune /Users/jude/Projects/frontity/packages/yoast/node_modules/jest
407 silly rimrafDir /Users/jude/Projects/frontity/packages/wp-source/node_modules/node-fetch
408 verbose prune /Users/jude/Projects/frontity/packages/core/node_modules/koa
409 silly rimrafDir /Users/jude/Projects/frontity/packages/wp-source/node_modules/normalizr
410 verbose prune /Users/jude/Projects/frontity/packages/core/node_modules/koa-mount
411 silly rimrafDir /Users/jude/Projects/frontity/packages/core/node_modules/open
412 verbose prune /Users/jude/Projects/frontity/packages/core/node_modules/koa-route
413 silly rimrafDir /Users/jude/Projects/frontity/packages/frontity/node_modules/ora
414 verbose prune /Users/jude/Projects/frontity/packages/core/node_modules/koa-static
415 silly rimrafDir /Users/jude/Projects/frontity/packages/wp-source/node_modules/path-to-regexp
416 verbose prune /Users/jude/Projects/frontity/packages/core/node_modules/lodash-es
417 silly rimrafDir /Users/jude/Projects/frontity/packages/core/node_modules/promise-monofill
418 verbose prune /Users/jude/Projects/frontity/packages/core/node_modules/minimist
419 silly rimrafDir /Users/jude/Projects/frontity/packages/wp-source/node_modules/query-string
420 verbose prune /Users/jude/Projects/frontity/packages/frontity/node_modules/node-fetch
421 silly rimrafDir /Users/jude/Projects/frontity/packages/file-settings/node_modules/ramda
422 verbose prune /Users/jude/Projects/frontity/packages/wp-source/node_modules/node-fetch
423 silly rimrafDir /Users/jude/Projects/frontity/packages/frontity/node_modules/ramda
424 verbose prune /Users/jude/Projects/frontity/packages/wp-source/node_modules/normalizr
425 silly rimrafDir /Users/jude/Projects/frontity/packages/core/node_modules/raw-loader
426 verbose prune /Users/jude/Projects/frontity/packages/core/node_modules/open
427 silly rimrafDir /Users/jude/Projects/frontity/packages/core/node_modules/react
428 verbose prune /Users/jude/Projects/frontity/packages/frontity/node_modules/ora
429 silly rimrafDir /Users/jude/Projects/frontity/packages/core/node_modules/react-dom
430 verbose prune /Users/jude/Projects/frontity/packages/wp-source/node_modules/path-to-regexp
431 silly rimrafDir /Users/jude/Projects/frontity/packages/core/node_modules/react-helmet-async
432 verbose prune /Users/jude/Projects/frontity/packages/core/node_modules/promise-monofill
433 silly rimrafDir /Users/jude/Projects/frontity/packages/frontity/node_modules/react-helmet-async
434 verbose prune /Users/jude/Projects/frontity/packages/wp-source/node_modules/query-string
435 silly rimrafDir /Users/jude/Projects/frontity/packages/mars-theme/node_modules/react-spinners
436 verbose prune /Users/jude/Projects/frontity/packages/file-settings/node_modules/ramda
437 silly rimrafDir /Users/jude/Projects/frontity/packages/components/node_modules/react-test-renderer
438 verbose prune /Users/jude/Projects/frontity/packages/frontity/node_modules/ramda
439 silly rimrafDir /Users/jude/Projects/frontity/packages/connect/node_modules/react-test-renderer
440 verbose prune /Users/jude/Projects/frontity/packages/core/node_modules/raw-loader
441 silly rimrafDir /Users/jude/Projects/frontity/packages/html2react/node_modules/react-test-renderer
442 verbose prune /Users/jude/Projects/frontity/packages/core/node_modules/react
443 silly rimrafDir /Users/jude/Projects/frontity/packages/core/node_modules/require-from-string
444 verbose prune /Users/jude/Projects/frontity/packages/core/node_modules/react-dom
445 silly rimrafDir /Users/jude/Projects/frontity/packages/yoast/node_modules/string-humanize
446 verbose prune /Users/jude/Projects/frontity/packages/core/node_modules/react-helmet-async
447 silly rimrafDir /Users/jude/Projects/frontity/packages/frontity/node_modules/tar
448 verbose prune /Users/jude/Projects/frontity/packages/frontity/node_modules/react-helmet-async
449 silly rimrafDir /Users/jude/Projects/frontity/packages/babel-plugin-frontity/node_modules/ts-jest
450 verbose prune /Users/jude/Projects/frontity/packages/mars-theme/node_modules/react-spinners
451 silly rimrafDir /Users/jude/Projects/frontity/packages/components/node_modules/ts-jest
452 verbose prune /Users/jude/Projects/frontity/packages/components/node_modules/react-test-renderer
453 silly rimrafDir /Users/jude/Projects/frontity/packages/connect/node_modules/ts-jest
454 verbose prune /Users/jude/Projects/frontity/packages/connect/node_modules/react-test-renderer
455 silly rimrafDir /Users/jude/Projects/frontity/packages/core/node_modules/ts-jest
456 verbose prune /Users/jude/Projects/frontity/packages/html2react/node_modules/react-test-renderer
457 silly rimrafDir /Users/jude/Projects/frontity/packages/file-settings/node_modules/ts-jest
458 verbose prune /Users/jude/Projects/frontity/packages/core/node_modules/require-from-string
459 silly rimrafDir /Users/jude/Projects/frontity/packages/frontity/node_modules/ts-jest
460 verbose prune /Users/jude/Projects/frontity/packages/yoast/node_modules/string-humanize
461 silly rimrafDir /Users/jude/Projects/frontity/packages/head-tags/node_modules/ts-jest
462 verbose prune /Users/jude/Projects/frontity/packages/frontity/node_modules/tar
463 silly rimrafDir /Users/jude/Projects/frontity/packages/hooks/node_modules/ts-jest
464 verbose prune /Users/jude/Projects/frontity/packages/babel-plugin-frontity/node_modules/ts-jest
465 silly rimrafDir /Users/jude/Projects/frontity/packages/html2react/node_modules/ts-jest
466 verbose prune /Users/jude/Projects/frontity/packages/components/node_modules/ts-jest
467 silly rimrafDir /Users/jude/Projects/frontity/packages/router/node_modules/ts-jest
468 verbose prune /Users/jude/Projects/frontity/packages/connect/node_modules/ts-jest
469 silly rimrafDir /Users/jude/Projects/frontity/packages/source/node_modules/ts-jest
470 verbose prune /Users/jude/Projects/frontity/packages/core/node_modules/ts-jest
471 silly rimrafDir /Users/jude/Projects/frontity/packages/tiny-router/node_modules/ts-jest
472 verbose prune /Users/jude/Projects/frontity/packages/file-settings/node_modules/ts-jest
473 silly rimrafDir /Users/jude/Projects/frontity/packages/types/node_modules/ts-jest
474 verbose prune /Users/jude/Projects/frontity/packages/frontity/node_modules/ts-jest
475 silly rimrafDir /Users/jude/Projects/frontity/packages/wp-source/node_modules/ts-jest
476 verbose prune /Users/jude/Projects/frontity/packages/head-tags/node_modules/ts-jest
477 silly rimrafDir /Users/jude/Projects/frontity/packages/yoast/node_modules/ts-jest
478 verbose prune /Users/jude/Projects/frontity/packages/hooks/node_modules/ts-jest
479 silly rimrafDir /Users/jude/Projects/frontity/packages/core/node_modules/ts-node
480 verbose prune /Users/jude/Projects/frontity/packages/html2react/node_modules/ts-jest
481 silly rimrafDir /Users/jude/Projects/frontity/packages/frontity/node_modules/ts-node
482 verbose prune /Users/jude/Projects/frontity/packages/router/node_modules/ts-jest
483 silly rimrafDir /Users/jude/Projects/frontity/packages/core/node_modules/url-loader
484 verbose prune /Users/jude/Projects/frontity/packages/source/node_modules/ts-jest
485 silly rimrafDir /Users/jude/Projects/frontity/packages/core/node_modules/webpack
486 verbose prune /Users/jude/Projects/frontity/packages/tiny-router/node_modules/ts-jest
487 silly rimrafDir /Users/jude/Projects/frontity/packages/core/node_modules/webpack-bundle-analyzer
488 verbose prune /Users/jude/Projects/frontity/packages/types/node_modules/ts-jest
489 silly rimrafDir /Users/jude/Projects/frontity/packages/core/node_modules/webpack-dev-middleware
490 verbose prune /Users/jude/Projects/frontity/packages/wp-source/node_modules/ts-jest
491 silly rimrafDir /Users/jude/Projects/frontity/packages/core/node_modules/webpack-hot-middleware
492 verbose prune /Users/jude/Projects/frontity/packages/yoast/node_modules/ts-jest
493 verbose prune /Users/jude/Projects/frontity/packages/core/node_modules/ts-node
494 verbose prune /Users/jude/Projects/frontity/packages/frontity/node_modules/ts-node
495 verbose prune /Users/jude/Projects/frontity/packages/core/node_modules/url-loader
496 verbose prune /Users/jude/Projects/frontity/packages/core/node_modules/webpack
497 verbose prune /Users/jude/Projects/frontity/packages/core/node_modules/webpack-bundle-analyzer
498 verbose prune /Users/jude/Projects/frontity/packages/core/node_modules/webpack-dev-middleware
499 verbose prune /Users/jude/Projects/frontity/packages/core/node_modules/webpack-hot-middleware
500 info hoist Finished pruning hoisted dependencies
501 silly getExecOpts /Users/jude/Projects/frontity undefined
502 silly npmInstall [ 'npm', [ 'install' ] ]
503 silly npmInstallDependencies cleanup /Users/jude/Projects/frontity/package.json
504 error Error: ENOENT: no such file or directory, rename '/Users/jude/Projects/frontity/package.json.lerna_backup' -> '/Users/jude/Projects/frontity/package.json'
504 error     at Object.renameSync (fs.js:643:3)
504 error     at cleanup (/Users/jude/Projects/frontity/node_modules/@lerna/npm-install/npm-install.js:70:10)
504 error     at done (/Users/jude/Projects/frontity/node_modules/@lerna/npm-install/npm-install.js:78:7)
504 error     at /Users/jude/Projects/frontity/node_modules/@lerna/npm-install/npm-install.js:94:19
